2026-04-25 00:15:37,813 [INFO] __main__ - ============================================================
2026-04-25 00:15:37,813 [INFO] __main__ - EDINET Orchestrator API Server
2026-04-25 00:15:37,813 [INFO] __main__ - ============================================================
2026-04-25 00:15:37,813 [INFO] __main__ - Host: 0.0.0.0
2026-04-25 00:15:37,813 [INFO] __main__ - Port: 8001
2026-04-25 00:15:37,813 [INFO] __main__ - Reload mode: False
2026-04-25 00:15:37,813 [INFO] __main__ - 
2026-04-25 00:15:37,813 [INFO] __main__ - Available endpoints:
2026-04-25 00:15:37,814 [INFO] __main__ -   GET  /health              - Health check
2026-04-25 00:15:37,814 [INFO] __main__ -   GET  /api/steps           - List available pipeline steps
2026-04-25 00:15:37,814 [INFO] __main__ -   GET  /api/steps/{name}    - Get step metadata
2026-04-25 00:15:37,814 [INFO] __main__ -   POST /api/pipeline/run    - Execute a pipeline
2026-04-25 00:15:37,814 [INFO] __main__ -   GET  /api/jobs            - List recent jobs
2026-04-25 00:15:37,814 [INFO] __main__ -   GET  /api/jobs/{id}       - Get job status
2026-04-25 00:15:37,814 [INFO] __main__ -   POST /api/jobs/{id}/cancel - Cancel running job
2026-04-25 00:15:37,814 [INFO] __main__ -   GET  /api/jobs/{id}/output - Get completed job output
2026-04-25 00:15:37,814 [INFO] __main__ - 
2026-04-25 00:18:42,774 [INFO] __main__ - ============================================================
2026-04-25 00:18:42,774 [INFO] __main__ - EDINET Orchestrator API Server
2026-04-25 00:18:42,774 [INFO] __main__ - ============================================================
2026-04-25 00:18:42,774 [INFO] __main__ - Host: 0.0.0.0
2026-04-25 00:18:42,774 [INFO] __main__ - Port: 8002
2026-04-25 00:18:42,774 [INFO] __main__ - Reload mode: False
2026-04-25 00:18:42,774 [INFO] __main__ - 
2026-04-25 00:18:42,774 [INFO] __main__ - Available endpoints:
2026-04-25 00:18:42,774 [INFO] __main__ -   GET  /health              - Health check
2026-04-25 00:18:42,774 [INFO] __main__ -   GET  /api/steps           - List available pipeline steps
2026-04-25 00:18:42,774 [INFO] __main__ -   GET  /api/steps/{name}    - Get step metadata
2026-04-25 00:18:42,774 [INFO] __main__ -   POST /api/pipeline/run    - Execute a pipeline
2026-04-25 00:18:42,775 [INFO] __main__ -   GET  /api/jobs            - List recent jobs
2026-04-25 00:18:42,775 [INFO] __main__ -   GET  /api/jobs/{id}       - Get job status
2026-04-25 00:18:42,775 [INFO] __main__ -   POST /api/jobs/{id}/cancel - Cancel running job
2026-04-25 00:18:42,775 [INFO] __main__ -   GET  /api/jobs/{id}/output - Get completed job output
2026-04-25 00:18:42,775 [INFO] __main__ - 
2026-04-25 00:19:42,233 [INFO] __main__ - ============================================================
2026-04-25 00:19:42,233 [INFO] __main__ - EDINET Orchestrator API Server
2026-04-25 00:19:42,233 [INFO] __main__ - ============================================================
2026-04-25 00:19:42,233 [INFO] __main__ - Host: 0.0.0.0
2026-04-25 00:19:42,233 [INFO] __main__ - Port: 8002
2026-04-25 00:19:42,233 [INFO] __main__ - Reload mode: False
2026-04-25 00:19:42,233 [INFO] __main__ - 
2026-04-25 00:19:42,234 [INFO] __main__ - Available endpoints:
2026-04-25 00:19:42,234 [INFO] __main__ -   GET  /health              - Health check
2026-04-25 00:19:42,234 [INFO] __main__ -   GET  /api/steps           - List available pipeline steps
2026-04-25 00:19:42,234 [INFO] __main__ -   GET  /api/steps/{name}    - Get step metadata
2026-04-25 00:19:42,234 [INFO] __main__ -   POST /api/pipeline/run    - Execute a pipeline
2026-04-25 00:19:42,234 [INFO] __main__ -   GET  /api/jobs            - List recent jobs
2026-04-25 00:19:42,234 [INFO] __main__ -   GET  /api/jobs/{id}       - Get job status
2026-04-25 00:19:42,234 [INFO] __main__ -   POST /api/jobs/{id}/cancel - Cancel running job
2026-04-25 00:19:42,234 [INFO] __main__ -   GET  /api/jobs/{id}/output - Get completed job output
2026-04-25 00:19:42,234 [INFO] __main__ - 
2026-04-25 00:29:52,299 [INFO] __main__ - ============================================================
2026-04-25 00:29:52,299 [INFO] __main__ - EDINET Orchestrator API Server
2026-04-25 00:29:52,299 [INFO] __main__ - ============================================================
2026-04-25 00:29:52,299 [INFO] __main__ - Host: 0.0.0.0
2026-04-25 00:29:52,299 [INFO] __main__ - Port: 8000
2026-04-25 00:29:52,300 [INFO] __main__ - Reload mode: False
2026-04-25 00:29:52,300 [INFO] __main__ - 
2026-04-25 00:29:52,300 [INFO] __main__ - Available endpoints:
2026-04-25 00:29:52,300 [INFO] __main__ -   GET  /health              - Health check
2026-04-25 00:29:52,300 [INFO] __main__ -   GET  /api/steps           - List available pipeline steps
2026-04-25 00:29:52,300 [INFO] __main__ -   GET  /api/steps/{name}    - Get step metadata
2026-04-25 00:29:52,300 [INFO] __main__ -   POST /api/pipeline/run    - Execute a pipeline
2026-04-25 00:29:52,300 [INFO] __main__ -   GET  /api/jobs            - List recent jobs
2026-04-25 00:29:52,300 [INFO] __main__ -   GET  /api/jobs/{id}       - Get job status
2026-04-25 00:29:52,300 [INFO] __main__ -   POST /api/jobs/{id}/cancel - Cancel running job
2026-04-25 00:29:52,300 [INFO] __main__ -   GET  /api/jobs/{id}/output - Get completed job output
2026-04-25 00:29:52,301 [INFO] __main__ - 
2026-04-25 10:00:14,867 [INFO] __main__ - ============================================================
2026-04-25 10:00:14,867 [INFO] __main__ - EDINET Orchestrator API Server
2026-04-25 10:00:14,867 [INFO] __main__ - ============================================================
2026-04-25 10:00:14,867 [INFO] __main__ - Host: 0.0.0.0
2026-04-25 10:00:14,867 [INFO] __main__ - Port: 8000
2026-04-25 10:00:14,867 [INFO] __main__ - Reload mode: False
2026-04-25 10:00:14,867 [INFO] __main__ - 
2026-04-25 10:00:14,867 [INFO] __main__ - Available endpoints:
2026-04-25 10:00:14,867 [INFO] __main__ -   GET  /health              - Health check
2026-04-25 10:00:14,868 [INFO] __main__ -   GET  /api/steps           - List available pipeline steps
2026-04-25 10:00:14,868 [INFO] __main__ -   GET  /api/steps/{name}    - Get step metadata
2026-04-25 10:00:14,868 [INFO] __main__ -   POST /api/pipeline/run    - Execute a pipeline
2026-04-25 10:00:14,868 [INFO] __main__ -   GET  /api/jobs            - List recent jobs
2026-04-25 10:00:14,868 [INFO] __main__ -   GET  /api/jobs/{id}       - Get job status
2026-04-25 10:00:14,868 [INFO] __main__ -   POST /api/jobs/{id}/cancel - Cancel running job
2026-04-25 10:00:14,868 [INFO] __main__ -   GET  /api/jobs/{id}/output - Get completed job output
2026-04-25 10:00:14,868 [INFO] __main__ - 
2026-04-25 10:00:56,718 [INFO] __main__ - ============================================================
2026-04-25 10:00:56,718 [INFO] __main__ - EDINET Orchestrator API Server
2026-04-25 10:00:56,718 [INFO] __main__ - ============================================================
2026-04-25 10:00:56,718 [INFO] __main__ - Host: 127.0.0.1
2026-04-25 10:00:56,719 [INFO] __main__ - Port: 8000
2026-04-25 10:00:56,719 [INFO] __main__ - Reload mode: False
2026-04-25 10:00:56,719 [INFO] __main__ - 
2026-04-25 10:00:56,719 [INFO] __main__ - Available endpoints:
2026-04-25 10:00:56,719 [INFO] __main__ -   GET  /health              - Health check
2026-04-25 10:00:56,719 [INFO] __main__ -   GET  /api/steps           - List available pipeline steps
2026-04-25 10:00:56,719 [INFO] __main__ -   GET  /api/steps/{name}    - Get step metadata
2026-04-25 10:00:56,719 [INFO] __main__ -   POST /api/pipeline/run    - Execute a pipeline
2026-04-25 10:00:56,719 [INFO] __main__ -   GET  /api/jobs            - List recent jobs
2026-04-25 10:00:56,720 [INFO] __main__ -   GET  /api/jobs/{id}       - Get job status
2026-04-25 10:00:56,720 [INFO] __main__ -   POST /api/jobs/{id}/cancel - Cancel running job
2026-04-25 10:00:56,720 [INFO] __main__ -   GET  /api/jobs/{id}/output - Get completed job output
2026-04-25 10:00:56,720 [INFO] __main__ - 
